<?xml version="1.0" encoding="UTF-8"?>
<!-- Generated by org.testng.reporters.JUnitXMLReporter -->
<testsuite hostname="sw" ignored="0" name="Default test" tests="4" failures="0" timestamp="2020-10-16T17:33:07 IST" time="1809.861" errors="0">
  <testcase name="Verify_Labels" time="452.374" classname="com.OKTAdmin.testcases.OKTAdminPostDetailScreenForAudio_PostTest"/>
  <testcase name="Verify_Multiple_Validation_For_Audio_Post" time="382.512" classname="com.OKTAdmin.testcases.OKTAdminPostDetailScreenForAudio_PostTest"/>
  <testcase name="Verify_Validation_Audio_Post" time="367.6" classname="com.OKTAdmin.testcases.OKTAdminPostDetailScreenForAudio_PostTest"/>
  <testcase name="Create_Audio_Post" time="586.052" classname="com.OKTAdmin.testcases.OKTAdminPostDetailScreenForAudio_PostTest"/>
</testsuite> <!-- Default test -->
