<?xml version="1.0" encoding="UTF-8"?>
<!-- Generated by org.testng.reporters.JUnitXMLReporter -->
<testsuite hostname="sw" ignored="0" name="Default test" tests="4" failures="0" timestamp="2020-10-17T12:02:29 IST" time="1721.343" errors="0">
  <testcase name="Verify_Labels" time="367.377" classname="com.OKTAdmin.testcases.OKTAdminPostDetailScreenForVideo_PostTest"/>
  <testcase name="Verify_Multiple_Validation_For_Video_Post" time="377.488" classname="com.OKTAdmin.testcases.OKTAdminPostDetailScreenForVideo_PostTest"/>
  <testcase name="Verify_Validation_Video_Post" time="362.607" classname="com.OKTAdmin.testcases.OKTAdminPostDetailScreenForVideo_PostTest"/>
  <testcase name="Create_Video_Post" time="592.09" classname="com.OKTAdmin.testcases.OKTAdminPostDetailScreenForVideo_PostTest"/>
</testsuite> <!-- Default test -->
