<?xml version="1.0" encoding="UTF-8"?>
<!-- Generated by org.testng.reporters.JUnitXMLReporter -->
<testsuite hostname="sw" ignored="0" name="OKTestedAdmin_Smoke_Automation_Test_Cases" tests="3" failures="0" timestamp="2020-09-14T17:19:25 IST" time="222.014" errors="0">
  <testcase name="verifyOkTestedAdminLoginPageTitle" time="35.026" classname="com.OKTAdmin.testcases.OKTAdminLoginPageTest"/>
  <testcase name="verifyOKTestedLogo" time="35.061" classname="com.OKTAdmin.testcases.OKTAdminLoginPageTest"/>
  <testcase name="LoginInnOKTestedAdmin" time="124.857" classname="com.OKTAdmin.testcases.OKTAdminLoginPageTest"/>
</testsuite> <!-- OKTestedAdmin_Smoke_Automation_Test_Cases -->
