<?xml version="1.0" encoding="UTF-8"?>
<!-- Generated by org.testng.reporters.JUnitXMLReporter -->
<testsuite hostname="sw" ignored="0" name="OKTestedAdmin_Smoke_Automation_Test_Cases" tests="3" failures="0" timestamp="2020-09-26T20:51:52 IST" time="291.726" errors="0">
  <testcase name="verifyOkTestedAdminLoginPageTitle" time="35.033" classname="com.OKTAdmin.testcases.OKTAdminLoginPageTest"/>
  <testcase name="verifyOKTestedLogo" time="35.061" classname="com.OKTAdmin.testcases.OKTAdminLoginPageTest"/>
  <testcase name="LoginInnOKTestedAdmin" time="126.703" classname="com.OKTAdmin.testcases.OKTAdminLoginPageTest"/>
</testsuite> <!-- OKTestedAdmin_Smoke_Automation_Test_Cases -->
